<?xml version="1.0" encoding="UTF-8"?>
<!-- Generated by org.testng.reporters.JUnitXMLReporter -->
<testsuite ignored="0" hostname="DESKTOP-RKD26HG" failures="2" tests="5" name="Test" time="40.262" errors="0" timestamp="2024-10-08T20:39:47 IST">
  <testcase classname="testCases.TC001_AccountRegistration_test" name="verify_account_registration" time="3.184"/>
  <testcase classname="testCases.TC002_LoginTest" name="verifyLoginFunctionality" time="0.911"/>
  <testcase classname="testCases.TC003_LoginDD_Test" name="verifyDataDrivenTest" time="0.842"/>
  <testcase classname="testCases.TC003_LoginDD_Test" name="verifyDataDrivenTest" time="10.865">
    <failure type="java.lang.AssertionError" message="null">
      <![CDATA[java.lang.AssertionError: null
at testCases.TC003_LoginDD_Test.verifyDataDrivenTest(TC003_LoginDD_Test.java:44)
at java.base/java.util.ArrayList.forEach(ArrayList.java:1596)
... Removed 27 stack frames]]>
    </failure>
  </testcase> <!-- verifyDataDrivenTest -->
  <testcase classname="testCases.TC003_LoginDD_Test" name="verifyDataDrivenTest" time="10.651">
    <failure type="java.lang.AssertionError" message="null">
      <![CDATA[java.lang.AssertionError: null
at testCases.TC003_LoginDD_Test.verifyDataDrivenTest(TC003_LoginDD_Test.java:44)
at java.base/java.util.ArrayList.forEach(ArrayList.java:1596)
... Removed 27 stack frames]]>
    </failure>
  </testcase> <!-- verifyDataDrivenTest -->
</testsuite> <!-- Test -->
