<?xml version="1.0" encoding="UTF-8"?>
<!-- Generated by org.testng.reporters.JUnitXMLReporter -->
<testsuite ignored="0" hostname="DESKTOP-RKD26HG" failures="2" tests="5" name="Test" time="43.202" errors="0" timestamp="2024-10-12T21:39:08 IST">
  <testcase classname="testCases.TC001_AccountRegistration_test" name="verify_account_registration" time="4.688"/>
  <testcase classname="testCases.TC002_LoginTest" name="verifyLoginFunctionality" time="1.877"/>
  <testcase classname="testCases.TC003_LoginDD_Test" name="verifyDataDrivenTest" time="2.618"/>
  <testcase classname="testCases.TC003_LoginDD_Test" name="verifyDataDrivenTest" time="11.558">
    <failure type="java.lang.AssertionError" message="null">
      <![CDATA[java.lang.AssertionError: null
at testCases.TC003_LoginDD_Test.verifyDataDrivenTest(TC003_LoginDD_Test.java:44)
at java.base/java.util.ArrayList.forEach(ArrayList.java:1511)
... Removed 33 stack frames]]>
    </failure>
  </testcase> <!-- verifyDataDrivenTest -->
  <testcase classname="testCases.TC003_LoginDD_Test" name="verifyDataDrivenTest" time="11.493">
    <failure type="java.lang.AssertionError" message="null">
      <![CDATA[java.lang.AssertionError: null
at testCases.TC003_LoginDD_Test.verifyDataDrivenTest(TC003_LoginDD_Test.java:44)
at java.base/java.util.ArrayList.forEach(ArrayList.java:1511)
... Removed 33 stack frames]]>
    </failure>
  </testcase> <!-- verifyDataDrivenTest -->
</testsuite> <!-- Test -->
