<?xml version="1.0" encoding="UTF-8"?>
<testng-results ignored="0" total="5" passed="3" failed="2" skipped="0">
  <reporter-output>
  </reporter-output>
  <suite started-at="2024-10-12T21:38:24 IST" name="MasterSuite" finished-at="2024-10-12T21:39:07 IST" duration-ms="43202">
    <groups>
      <group name="datadriven">
        <method signature="TC003_LoginDD_Test.verifyDataDrivenTest(java.lang.String,java.lang.String,java.lang.String)[pri:0, instance:testCases.TC003_LoginDD_Test@558bdf1f]" name="verifyDataDrivenTest" class="testCases.TC003_LoginDD_Test"/>
      </group> <!-- datadriven -->
      <group name="regression">
        <method signature="TC001_AccountRegistration_test.verify_account_registration()[pri:0, instance:testCases.TC001_AccountRegistration_test@5c2375a9]" name="verify_account_registration" class="testCases.TC001_AccountRegistration_test"/>
      </group> <!-- regression -->
      <group name="sanity">
        <method signature="TC002_LoginTest.verifyLoginFunctionality()[pri:0, instance:testCases.TC002_LoginTest@27216cd]" name="verifyLoginFunctionality" class="testCases.TC002_LoginTest"/>
      </group> <!-- sanity -->
      <group name="master">
        <method signature="TC001_AccountRegistration_test.verify_account_registration()[pri:0, instance:testCases.TC001_AccountRegistration_test@5c2375a9]" name="verify_account_registration" class="testCases.TC001_AccountRegistration_test"/>
        <method signature="TC002_LoginTest.verifyLoginFunctionality()[pri:0, instance:testCases.TC002_LoginTest@27216cd]" name="verifyLoginFunctionality" class="testCases.TC002_LoginTest"/>
        <method signature="TC003_LoginDD_Test.verifyDataDrivenTest(java.lang.String,java.lang.String,java.lang.String)[pri:0, instance:testCases.TC003_LoginDD_Test@558bdf1f]" name="verifyDataDrivenTest" class="testCases.TC003_LoginDD_Test"/>
      </group> <!-- master -->
    </groups>
    <test started-at="2024-10-12T21:38:24 IST" name="Test" finished-at="2024-10-12T21:39:07 IST" duration-ms="43202">
      <class name="testCases.TC002_LoginTest">
        <test-method is-config="true" signature="setup(java.lang.String,java.lang.String)[pri:0, instance:testCases.TC002_LoginTest@27216cd]" started-at="2024-10-12T21:38:32 IST" name="setup" finished-at="2024-10-12T21:38:34 IST" duration-ms="2275" status="PASS">
          <params>
            <param index="0">
              <value>
                <![CDATA[windows]]>
              </value>
            </param>
            <param index="1">
              <value>
                <![CDATA[chrome]]>
              </value>
            </param>
          </params>
          <reporter-output>
          </reporter-output>
        </test-method> <!-- setup -->
        <test-method signature="verifyLoginFunctionality()[pri:0, instance:testCases.TC002_LoginTest@27216cd]" started-at="2024-10-12T21:38:34 IST" name="verifyLoginFunctionality" finished-at="2024-10-12T21:38:36 IST" duration-ms="1877" status="PASS">
          <reporter-output>
          </reporter-output>
        </test-method> <!-- verifyLoginFunctionality -->
        <test-method is-config="true" signature="tearDown()[pri:0, instance:testCases.TC002_LoginTest@27216cd]" started-at="2024-10-12T21:38:36 IST" name="tearDown" finished-at="2024-10-12T21:38:37 IST" duration-ms="229" status="PASS">
          <reporter-output>
          </reporter-output>
        </test-method> <!-- tearDown -->
      </class> <!-- testCases.TC002_LoginTest -->
      <class name="testCases.TC001_AccountRegistration_test">
        <test-method is-config="true" signature="setup(java.lang.String,java.lang.String)[pri:0, instance:testCases.TC001_AccountRegistration_test@5c2375a9]" started-at="2024-10-12T21:38:24 IST" name="setup" finished-at="2024-10-12T21:38:27 IST" duration-ms="3482" status="PASS">
          <params>
            <param index="0">
              <value>
                <![CDATA[windows]]>
              </value>
            </param>
            <param index="1">
              <value>
                <![CDATA[chrome]]>
              </value>
            </param>
          </params>
          <reporter-output>
          </reporter-output>
        </test-method> <!-- setup -->
        <test-method signature="verify_account_registration()[pri:0, instance:testCases.TC001_AccountRegistration_test@5c2375a9]" started-at="2024-10-12T21:38:27 IST" name="verify_account_registration" finished-at="2024-10-12T21:38:32 IST" duration-ms="4688" status="PASS">
          <reporter-output>
          </reporter-output>
        </test-method> <!-- verify_account_registration -->
        <test-method is-config="true" signature="tearDown()[pri:0, instance:testCases.TC001_AccountRegistration_test@5c2375a9]" started-at="2024-10-12T21:38:32 IST" name="tearDown" finished-at="2024-10-12T21:38:32 IST" duration-ms="275" status="PASS">
          <reporter-output>
          </reporter-output>
        </test-method> <!-- tearDown -->
      </class> <!-- testCases.TC001_AccountRegistration_test -->
      <class name="testCases.TC003_LoginDD_Test">
        <test-method is-config="true" signature="setup(java.lang.String,java.lang.String)[pri:0, instance:testCases.TC003_LoginDD_Test@558bdf1f]" started-at="2024-10-12T21:38:37 IST" name="setup" finished-at="2024-10-12T21:38:39 IST" duration-ms="2434" status="PASS">
          <params>
            <param index="0">
              <value>
                <![CDATA[windows]]>
              </value>
            </param>
            <param index="1">
              <value>
                <![CDATA[chrome]]>
              </value>
            </param>
          </params>
          <reporter-output>
          </reporter-output>
        </test-method> <!-- setup -->
        <test-method signature="verifyDataDrivenTest(java.lang.String,java.lang.String,java.lang.String)[pri:0, instance:testCases.TC003_LoginDD_Test@558bdf1f]" started-at="2024-10-12T21:38:40 IST" name="verifyDataDrivenTest" data-provider="Login" finished-at="2024-10-12T21:38:43 IST" duration-ms="2618" status="PASS">
          <params>
            <param index="0">
              <value>
                <![CDATA[agastya082@gmail.com]]>
              </value>
            </param>
            <param index="1">
              <value>
                <![CDATA[gana@25]]>
              </value>
            </param>
            <param index="2">
              <value>
                <![CDATA[Valid]]>
              </value>
            </param>
          </params>
          <reporter-output>
          </reporter-output>
        </test-method> <!-- verifyDataDrivenTest -->
        <test-method signature="verifyDataDrivenTest(java.lang.String,java.lang.String,java.lang.String)[pri:0, instance:testCases.TC003_LoginDD_Test@558bdf1f]" started-at="2024-10-12T21:38:43 IST" name="verifyDataDrivenTest" data-provider="Login" finished-at="2024-10-12T21:38:55 IST" duration-ms="11558" status="FAIL">
          <params>
            <param index="0">
              <value>
                <![CDATA[abc123@gmail.com]]>
              </value>
            </param>
            <param index="1">
              <value>
                <![CDATA[test@123]]>
              </value>
            </param>
            <param index="2">
              <value>
                <![CDATA[Valid]]>
              </value>
            </param>
          </params>
          <exception class="java.lang.AssertionError">
            <message>
              <![CDATA[null]]>
            </message>
            <full-stacktrace>
              <![CDATA[java.lang.AssertionError: null
at org.testng.Assert.fail(Assert.java:111)
at org.testng.Assert.fail(Assert.java:116)
at testCases.TC003_LoginDD_Test.verifyDataDrivenTest(TC003_LoginDD_Test.java:44)
at java.base/jdk.internal.reflect.NativeMethodAccessorImpl.invoke0(Native Method)
at java.base/jdk.internal.reflect.NativeMethodAccessorImpl.invoke(NativeMethodAccessorImpl.java:77)
at java.base/jdk.internal.reflect.DelegatingMethodAccessorImpl.invoke(DelegatingMethodAccessorImpl.java:43)
at java.base/java.lang.reflect.Method.invoke(Method.java:568)
at org.testng.internal.invokers.MethodInvocationHelper.invokeMethod(MethodInvocationHelper.java:141)
at org.testng.internal.invokers.TestInvoker.invokeMethod(TestInvoker.java:686)
at org.testng.internal.invokers.TestInvoker.invokeTestMethod(TestInvoker.java:230)
at org.testng.internal.invokers.MethodRunner.runInSequence(MethodRunner.java:63)
at org.testng.internal.invokers.TestInvoker$MethodInvocationAgent.invoke(TestInvoker.java:992)
at org.testng.internal.invokers.TestInvoker.invokeTestMethods(TestInvoker.java:203)
at org.testng.internal.invokers.TestMethodWorker.invokeTestMethods(TestMethodWorker.java:154)
at org.testng.internal.invokers.TestMethodWorker.run(TestMethodWorker.java:134)
at java.base/java.util.ArrayList.forEach(ArrayList.java:1511)
at org.testng.TestRunner.privateRun(TestRunner.java:739)
at org.testng.TestRunner.run(TestRunner.java:614)
at org.testng.SuiteRunner.runTest(SuiteRunner.java:421)
at org.testng.SuiteRunner.runSequentially(SuiteRunner.java:413)
at org.testng.SuiteRunner.privateRun(SuiteRunner.java:373)
at org.testng.SuiteRunner.run(SuiteRunner.java:312)
at org.testng.SuiteRunnerWorker.runSuite(SuiteRunnerWorker.java:52)
at org.testng.SuiteRunnerWorker.run(SuiteRunnerWorker.java:95)
at org.testng.TestNG.runSuitesSequentially(TestNG.java:1274)
at org.testng.TestNG.runSuitesLocally(TestNG.java:1208)
at org.testng.TestNG.runSuites(TestNG.java:1112)
at org.testng.TestNG.run(TestNG.java:1079)
at org.apache.maven.surefire.testng.TestNGExecutor.run(TestNGExecutor.java:308)
at org.apache.maven.surefire.testng.TestNGXmlTestSuite.execute(TestNGXmlTestSuite.java:71)
at org.apache.maven.surefire.testng.TestNGProvider.invoke(TestNGProvider.java:113)
at org.apache.maven.surefire.booter.ForkedBooter.runSuitesInProcess(ForkedBooter.java:385)
at org.apache.maven.surefire.booter.ForkedBooter.execute(ForkedBooter.java:162)
at org.apache.maven.surefire.booter.ForkedBooter.run(ForkedBooter.java:507)
at org.apache.maven.surefire.booter.ForkedBooter.main(ForkedBooter.java:495)
]]>
            </full-stacktrace>
          </exception> <!-- java.lang.AssertionError -->
          <reporter-output>
          </reporter-output>
        </test-method> <!-- verifyDataDrivenTest -->
        <test-method signature="verifyDataDrivenTest(java.lang.String,java.lang.String,java.lang.String)[pri:0, instance:testCases.TC003_LoginDD_Test@558bdf1f]" started-at="2024-10-12T21:38:55 IST" name="verifyDataDrivenTest" data-provider="Login" finished-at="2024-10-12T21:39:06 IST" duration-ms="11493" status="FAIL">
          <params>
            <param index="0">
              <value>
                <![CDATA[abc124@gmail.com]]>
              </value>
            </param>
            <param index="1">
              <value>
                <![CDATA[test@123]]>
              </value>
            </param>
            <param index="2">
              <value>
                <![CDATA[Invalid]]>
              </value>
            </param>
          </params>
          <exception class="java.lang.AssertionError">
            <message>
              <![CDATA[null]]>
            </message>
            <full-stacktrace>
              <![CDATA[java.lang.AssertionError: null
at org.testng.Assert.fail(Assert.java:111)
at org.testng.Assert.fail(Assert.java:116)
at testCases.TC003_LoginDD_Test.verifyDataDrivenTest(TC003_LoginDD_Test.java:44)
at java.base/jdk.internal.reflect.NativeMethodAccessorImpl.invoke0(Native Method)
at java.base/jdk.internal.reflect.NativeMethodAccessorImpl.invoke(NativeMethodAccessorImpl.java:77)
at java.base/jdk.internal.reflect.DelegatingMethodAccessorImpl.invoke(DelegatingMethodAccessorImpl.java:43)
at java.base/java.lang.reflect.Method.invoke(Method.java:568)
at org.testng.internal.invokers.MethodInvocationHelper.invokeMethod(MethodInvocationHelper.java:141)
at org.testng.internal.invokers.TestInvoker.invokeMethod(TestInvoker.java:686)
at org.testng.internal.invokers.TestInvoker.invokeTestMethod(TestInvoker.java:230)
at org.testng.internal.invokers.MethodRunner.runInSequence(MethodRunner.java:63)
at org.testng.internal.invokers.TestInvoker$MethodInvocationAgent.invoke(TestInvoker.java:992)
at org.testng.internal.invokers.TestInvoker.invokeTestMethods(TestInvoker.java:203)
at org.testng.internal.invokers.TestMethodWorker.invokeTestMethods(TestMethodWorker.java:154)
at org.testng.internal.invokers.TestMethodWorker.run(TestMethodWorker.java:134)
at java.base/java.util.ArrayList.forEach(ArrayList.java:1511)
at org.testng.TestRunner.privateRun(TestRunner.java:739)
at org.testng.TestRunner.run(TestRunner.java:614)
at org.testng.SuiteRunner.runTest(SuiteRunner.java:421)
at org.testng.SuiteRunner.runSequentially(SuiteRunner.java:413)
at org.testng.SuiteRunner.privateRun(SuiteRunner.java:373)
at org.testng.SuiteRunner.run(SuiteRunner.java:312)
at org.testng.SuiteRunnerWorker.runSuite(SuiteRunnerWorker.java:52)
at org.testng.SuiteRunnerWorker.run(SuiteRunnerWorker.java:95)
at org.testng.TestNG.runSuitesSequentially(TestNG.java:1274)
at org.testng.TestNG.runSuitesLocally(TestNG.java:1208)
at org.testng.TestNG.runSuites(TestNG.java:1112)
at org.testng.TestNG.run(TestNG.java:1079)
at org.apache.maven.surefire.testng.TestNGExecutor.run(TestNGExecutor.java:308)
at org.apache.maven.surefire.testng.TestNGXmlTestSuite.execute(TestNGXmlTestSuite.java:71)
at org.apache.maven.surefire.testng.TestNGProvider.invoke(TestNGProvider.java:113)
at org.apache.maven.surefire.booter.ForkedBooter.runSuitesInProcess(ForkedBooter.java:385)
at org.apache.maven.surefire.booter.ForkedBooter.execute(ForkedBooter.java:162)
at org.apache.maven.surefire.booter.ForkedBooter.run(ForkedBooter.java:507)
at org.apache.maven.surefire.booter.ForkedBooter.main(ForkedBooter.java:495)
]]>
            </full-stacktrace>
          </exception> <!-- java.lang.AssertionError -->
          <reporter-output>
          </reporter-output>
        </test-method> <!-- verifyDataDrivenTest -->
        <test-method is-config="true" signature="tearDown()[pri:0, instance:testCases.TC003_LoginDD_Test@558bdf1f]" started-at="2024-10-12T21:39:06 IST" name="tearDown" finished-at="2024-10-12T21:39:07 IST" duration-ms="283" status="PASS">
          <reporter-output>
          </reporter-output>
        </test-method> <!-- tearDown -->
      </class> <!-- testCases.TC003_LoginDD_Test -->
    </test> <!-- Test -->
  </suite> <!-- MasterSuite -->
</testng-results>
